<?xml version="1.0" encoding="UTF-8"?>
<testng-results skipped="0" failed="0" ignored="0" total="2" passed="2">
  <reporter-output>
  </reporter-output>
  <suite name="Suite" duration-ms="26" started-at="2020-10-23T04:57:06Z" finished-at="2020-10-23T04:57:06Z">
    <groups>
    </groups>
    <test name="Test" duration-ms="26" started-at="2020-10-23T04:57:06Z" finished-at="2020-10-23T04:57:06Z">
      <class name="qaclickacademy.SouravMaven.SeleniumTest">
        <test-method status="PASS" signature="BrowserAutomation()[pri:0, instance:qaclickacademy.SouravMaven.SeleniumTest@737996a0]" name="BrowserAutomation" duration-ms="7" started-at="2020-10-23T04:57:06Z" finished-at="2020-10-23T04:57:06Z">
          <reporter-output>
          </reporter-output>
        </test-method> <!-- BrowserAutomation -->
        <test-method status="PASS" signature="ElementsUI()[pri:0, instance:qaclickacademy.SouravMaven.SeleniumTest@737996a0]" name="ElementsUI" duration-ms="0" started-at="2020-10-23T04:57:06Z" finished-at="2020-10-23T04:57:06Z">
          <reporter-output>
          </reporter-output>
        </test-method> <!-- ElementsUI -->
      </class> <!-- qaclickacademy.SouravMaven.SeleniumTest -->
    </test> <!-- Test -->
  </suite> <!-- Suite -->
</testng-results>
